<?xml version="1.0" encoding="UTF-8"?>
<testsuite xmlns:xsi="http://www.w3.org/2001/XMLSchema-instance" xsi:noNamespaceSchemaLocation="https://maven.apache.org/surefire/maven-surefire-plugin/xsd/surefire-test-report-3.0.xsd" version="3.0" name="br.com.bicicletario.bicicletarioap.TestaBicicletarioApJUnit" time="8.273" tests="1" errors="0" skipped="0" failures="0">
  <properties>
[...]
</properties>
  <testcase name="testConexaoBancoDados" classname="br.com.bicicletario.bicicletarioap.TestaBicicletarioApJUnit" time="8.216">
    <system-out><![CDATA[10:06:45.595 [main] INFO  b.c.b.bicicletarioap.BicicletarioAp - Conexão com o banco de dados estabelecida com sucesso!
]]></system-out>
    <system-err><![CDATA[ERROR StatusLogger Log4j2 could not find a logging implementation. Please add log4j-core to the classpath. Using SimpleLogger to log to the console...
]]></system-err>
  </testcase>
</testsuite>